\o Program:		@(#)$CDS: libManager version 6.1.7 - CAT35 10/30/2018 21:08 (sjfnl050) $
\o Sub version:		sub-version  s231 
\o Arguments:		-unmapped -mpssession virtuoso27671 -mpshost eeapps05.seas.ucla.edu 
\o Working Directory:	eeapps05.seas.ucla.edu:/w/home.01/ol/grad/laj/workspace/ee215a/cbin/ee215a
\o 64-bit offsets
\o Qt version: 		4.8.5
\o Loading customization file "/usr/public.2/tech/cadence/90nm/gpdk090_v4.6/libs.oa22/V2.1.302/PROGS/SKILL/cdsLibMgr.il"
\o changeWorkingDir("/w/home.01/ol/grad/laj/workspace/ee215a/cbin/ee215a") unnecessary.
\o ddSetForcedLib("") unnecessary.
\o Log file is "/w/home.01/ol/grad/laj/workspace/ee215a/cbin/ee215a/libManager.log".
\o Opening libManager window.
\a nrSetWindowVisibility(cdsLibManager "show")
\o MPS service: map window
\o Library Manager customization server connected.
\a nrResizeWindow(cdsLibManager list(8 31 1920 1009))
\a nrSetCurrentWindow(cdsLibManager)
\a nrResizeWindow(cdsLibManager list(0 23 1080 1849))
\a cdsLibManager->libListBox->value = "tutorial"
\a cdsLibManager->libLineEdit->value = "tutorial"
\a cdsLibManager->cellListBox->value = "project"
\a cdsLibManager->cellLineEdit->value = "project"
\a cdsLibManager->cellLineEdit->value = ""
\a cdsLibManager->cellListBox->value = nil
\a cdsLibManager->cellListBox->value = "project"
\a cdsLibManager->cellLineEdit->value = "project"
\o MPS request: edit design
\a nrListItemAction(cdsLibManager->cellListBox 3 0)
\a cdsLibManager->libListBox->value = nil
\a cdsLibManager->libLineEdit->value = ""
\a cdsLibManager->cellLineEdit->value = ""
\a cdsLibManager->cellListBox->value = nil
\a cdsLibManager->libListBox->value = "tutorial"
\a cdsLibManager->libLineEdit->value = "tutorial"
\a cdsLibManager->cellListBox->value = "project"
\a cdsLibManager->cellLineEdit->value = "project"
\a nrSetCurrentWindow(cdsLibManager)
\a cdsLibManager->libListBox->value = nil
\a cdsLibManager->libLineEdit->value = ""
\a cdsLibManager->cellLineEdit->value = ""
\a cdsLibManager->cellListBox->value = nil
\a cdsLibManager->libListBox->value = "tutorial"
\a cdsLibManager->libLineEdit->value = "tutorial"
\a cdsLibManager->cellListBox->value = "project"
\a cdsLibManager->cellLineEdit->value = "project"
\a nrResizeWindow(cdsLibManager list(0 0 1080 1849))
\a nrSetCurrentWindow(cdsLibManager)
\a nrResizeWindow(cdsLibManager list(0 23 1080 1849))
\a cdsLibManager->viewListBox->value = "spectre_state1"
\a cdsLibManager->viewLineEdit->value = "spectre_state1"
\a nrResizeWindow(cdsLibManager list(0 0 1080 1849))
\a nrSetCurrentWindow(cdsLibManager)
\a nrResizeWindow(cdsLibManager list(0 23 1080 1849))
\a cdsLibManager->viewListBox->value = nil
\a cdsLibManager->viewLineEdit->value = ""
\a cdsLibManager->viewListBox->value = "spectre_state1"
\a cdsLibManager->viewLineEdit->value = "spectre_state1"
\o MPS request: edit design
\a nrListItemAction(cdsLibManager->gdmXTView 1 0)
\a nrSetCurrentWindow(cdsLibManager)
\a cdsLibManager->libListBox->value = nil
\a cdsLibManager->libLineEdit->value = ""
\a cdsLibManager->cellListBox->value = nil
\a cdsLibManager->viewLineEdit->value = ""
\a cdsLibManager->viewListBox->value = nil
\a cdsLibManager->cellLineEdit->value = ""
\a cdsLibManager->libListBox->value = "tutorial"
\a cdsLibManager->libLineEdit->value = "tutorial"
\a cdsLibManager->cellListBox->value = "project"
\a cdsLibManager->cellLineEdit->value = "project"
\a cdsLibManager->viewListBox->value = "spectre_state1"
\a cdsLibManager->viewLineEdit->value = "spectre_state1"
\a cdsLibManager->viewLineEdit->value = ""
\a cdsLibManager->viewListBox->value = nil
\a cdsLibManager->viewListBox->value = "spectre_state1"
\a cdsLibManager->viewLineEdit->value = "spectre_state1"
\a cdsLibManager->libListBox->value = nil
\a cdsLibManager->libLineEdit->value = ""
\a cdsLibManager->cellListBox->value = nil
\a cdsLibManager->viewLineEdit->value = ""
\a cdsLibManager->viewListBox->value = nil
\a cdsLibManager->cellLineEdit->value = ""
\a cdsLibManager->libListBox->value = "tutorial"
\a cdsLibManager->libLineEdit->value = "tutorial"
\a cdsLibManager->cellListBox->value = "project"
\a cdsLibManager->cellLineEdit->value = "project"
\a cdsLibManager->viewListBox->value = "spectre_state1"
\a cdsLibManager->viewLineEdit->value = "spectre_state1"
\a cdsLibManager->viewLineEdit->value = ""
\a cdsLibManager->viewListBox->value = nil
\a cdsLibManager->viewListBox->value = "spectre_state1"
\a cdsLibManager->viewLineEdit->value = "spectre_state1"
\a cdsLibManager->libListBox->value = nil
\a cdsLibManager->libLineEdit->value = ""
\a cdsLibManager->cellListBox->value = nil
\a cdsLibManager->viewLineEdit->value = ""
\a cdsLibManager->viewListBox->value = nil
\a cdsLibManager->cellLineEdit->value = ""
\a cdsLibManager->libListBox->value = "tutorial"
\a cdsLibManager->libLineEdit->value = "tutorial"
\a cdsLibManager->cellListBox->value = "project"
\a cdsLibManager->cellLineEdit->value = "project"
\a cdsLibManager->viewListBox->value = "spectre_state1"
\a cdsLibManager->viewLineEdit->value = "spectre_state1"
\a cdsLibManager->viewLineEdit->value = ""
\a cdsLibManager->viewListBox->value = nil
\a cdsLibManager->viewListBox->value = "spectre_state1"
\a cdsLibManager->viewLineEdit->value = "spectre_state1"
\a cdsLibManager->libListBox->value = nil
\a cdsLibManager->libLineEdit->value = ""
\a cdsLibManager->cellListBox->value = nil
\a cdsLibManager->viewLineEdit->value = ""
\a cdsLibManager->viewListBox->value = nil
\a cdsLibManager->cellLineEdit->value = ""
\a cdsLibManager->libListBox->value = "tutorial"
\a cdsLibManager->libLineEdit->value = "tutorial"
\a cdsLibManager->cellListBox->value = "project"
\a cdsLibManager->cellLineEdit->value = "project"
\a cdsLibManager->viewListBox->value = "spectre_state1"
\a cdsLibManager->viewLineEdit->value = "spectre_state1"
\a cdsLibManager->viewLineEdit->value = ""
\a cdsLibManager->viewListBox->value = nil
\a cdsLibManager->viewListBox->value = "spectre_state1"
\a cdsLibManager->viewLineEdit->value = "spectre_state1"
\a nrSetCurrentWindow(cdsLibManager)
\a _lmgrCloseIconify("cdsLibManager" 1)
\a nrResizeWindow(cdsLibManager list(0 0 1080 1849))
